<?xml version="1.0" encoding="UTF-8"?>
<testng-results ignored="0" total="1" passed="1" failed="0" skipped="0">
  <reporter-output>
  </reporter-output>
  <suite started-at="2024-10-01T16:44:58 BDT" name="Default suite" finished-at="2024-10-01T16:45:40 BDT" duration-ms="42177">
    <groups>
    </groups>
    <test started-at="2024-10-01T16:44:58 BDT" name="Default test" finished-at="2024-10-01T16:45:40 BDT" duration-ms="42177">
      <class name="Test.RDCD_DPS_FDR_PRODUCT.FDR_Product">
        <test-method is-config="true" signature="setBrowser()[pri:0, instance:Test.RDCD_DPS_FDR_PRODUCT.FDR_Product@1e16c0aa]" started-at="2024-10-01T16:44:54 BDT" name="setBrowser" finished-at="2024-10-01T16:44:58 BDT" duration-ms="3333" status="PASS">
          <reporter-output>
          </reporter-output>
        </test-method> <!-- setBrowser -->
        <test-method signature="ProductSetup()[pri:0, instance:Test.RDCD_DPS_FDR_PRODUCT.FDR_Product@1e16c0aa]" started-at="2024-10-01T16:44:58 BDT" name="ProductSetup" finished-at="2024-10-01T16:45:40 BDT" duration-ms="42034" status="PASS">
          <reporter-output>
          </reporter-output>
        </test-method> <!-- ProductSetup -->
        <test-method is-config="true" signature="quitBrowser()[pri:0, instance:Test.RDCD_DPS_FDR_PRODUCT.FDR_Product@1e16c0aa]" started-at="2024-10-01T16:45:40 BDT" name="quitBrowser" finished-at="2024-10-01T16:45:40 BDT" duration-ms="343" status="PASS">
          <reporter-output>
          </reporter-output>
        </test-method> <!-- quitBrowser -->
      </class> <!-- Test.RDCD_DPS_FDR_PRODUCT.FDR_Product -->
    </test> <!-- Default test -->
  </suite> <!-- Default suite -->
</testng-results>
