<?xml version="1.0" encoding="UTF-8"?>
<testng-results ignored="0" total="1" passed="1" failed="0" skipped="0">
  <reporter-output>
  </reporter-output>
  <suite started-at="2024-10-02T15:39:53 BDT" name="Default suite" finished-at="2024-10-02T15:40:41 BDT" duration-ms="47887">
    <groups>
    </groups>
    <test started-at="2024-10-02T15:39:53 BDT" name="Default test" finished-at="2024-10-02T15:40:41 BDT" duration-ms="47887">
      <class name="Test.RDCD_DPS_FDR_PRODUCT.FDR_Product">
        <test-method is-config="true" signature="setBrowser()[pri:0, instance:Test.RDCD_DPS_FDR_PRODUCT.FDR_Product@626abbd0]" started-at="2024-10-02T15:39:50 BDT" name="setBrowser" finished-at="2024-10-02T15:39:53 BDT" duration-ms="3159" status="PASS">
          <reporter-output>
          </reporter-output>
        </test-method> <!-- setBrowser -->
        <test-method signature="ProductSetup()[pri:0, instance:Test.RDCD_DPS_FDR_PRODUCT.FDR_Product@626abbd0]" started-at="2024-10-02T15:39:53 BDT" name="ProductSetup" finished-at="2024-10-02T15:40:41 BDT" duration-ms="47692" status="PASS">
          <reporter-output>
          </reporter-output>
        </test-method> <!-- ProductSetup -->
        <test-method is-config="true" signature="quitBrowser()[pri:0, instance:Test.RDCD_DPS_FDR_PRODUCT.FDR_Product@626abbd0]" started-at="2024-10-02T15:40:41 BDT" name="quitBrowser" finished-at="2024-10-02T15:40:43 BDT" duration-ms="1402" status="PASS">
          <reporter-output>
          </reporter-output>
        </test-method> <!-- quitBrowser -->
      </class> <!-- Test.RDCD_DPS_FDR_PRODUCT.FDR_Product -->
    </test> <!-- Default test -->
  </suite> <!-- Default suite -->
</testng-results>
